{"/Users/liv/Documents/OpSpark/work/underpants/underpants.js":{"path":"/Users/liv/Documents/OpSpark/work/underpants/underpants.js","s":{"1":1,"2":1,"3":36,"4":1,"5":8,"6":1,"7":7,"8":0,"9":7,"10":1,"11":6,"12":1,"13":5,"14":1,"15":4,"16":1,"17":3,"18":1,"19":2,"20":1,"21":1,"22":1,"23":4,"24":0,"25":4,"26":1,"27":3,"28":1,"29":2,"30":2,"31":2,"32":2,"33":1,"34":4,"35":0,"36":4,"37":1,"38":3,"39":1,"40":2,"41":2,"42":2,"43":2,"44":1,"45":63,"46":62,"47":200,"48":1,"49":1,"50":3,"51":1,"52":50,"53":103,"54":25,"55":25,"56":1,"57":10,"58":10,"59":60,"60":30,"61":10,"62":1,"63":4,"64":24,"65":1,"66":1,"67":1,"68":3,"69":3,"70":18,"71":12,"72":3,"73":1,"74":47,"75":47,"76":116,"77":47,"78":1,"79":2,"80":4,"81":1,"82":28,"83":1,"84":13,"85":32,"86":13,"87":3,"88":2,"89":1,"90":10,"91":23,"92":10,"93":6,"94":4,"95":1,"96":12,"97":30,"98":12,"99":4,"100":2,"101":2,"102":8,"103":21,"104":8,"105":5,"106":3,"107":1,"108":4,"109":2,"110":2,"111":3,"112":2,"113":2,"114":2,"115":5,"116":2,"117":1,"118":6,"119":6,"120":14,"121":12,"122":6,"123":1,"124":1,"125":1,"126":1,"127":1,"128":1,"129":1,"130":1,"131":1,"132":1,"133":1,"134":1,"135":1,"136":1,"137":1,"138":1,"139":1,"140":1},"b":{"1":[1,7],"2":[0,7],"3":[1,6],"4":[1,5],"5":[1,4],"6":[1,3],"7":[1,2],"8":[1,1],"9":[0,4],"10":[1,3],"11":[4,3],"12":[1,2],"13":[0,4],"14":[1,3],"15":[4,3],"16":[1,2],"17":[62,1],"18":[1,0],"19":[25,78],"20":[30,30],"21":[12,6],"22":[16,12],"23":[3,10],"24":[2,1],"25":[13,10],"26":[6,4],"27":[4,8],"28":[2,2],"29":[8,13],"30":[5,3],"31":[2,2],"32":[1,0],"33":[1,1]},"f":{"1":36,"2":8,"3":4,"4":4,"5":63,"6":50,"7":10,"8":60,"9":4,"10":24,"11":1,"12":3,"13":18,"14":47,"15":116,"16":2,"17":4,"18":28,"19":13,"20":32,"21":23,"22":12,"23":30,"24":21,"25":4,"26":6},"fnMap":{"1":{"name":"(anonymous_1)","line":28,"loc":{"start":{"line":28,"column":13},"end":{"line":28,"column":25}}},"2":{"name":"(anonymous_2)","line":51,"loc":{"start":{"line":51,"column":11},"end":{"line":51,"column":23}}},"3":{"name":"(anonymous_3)","line":89,"loc":{"start":{"line":89,"column":10},"end":{"line":89,"column":29}}},"4":{"name":"(anonymous_4)","line":122,"loc":{"start":{"line":122,"column":9},"end":{"line":122,"column":28}}},"5":{"name":"(anonymous_5)","line":155,"loc":{"start":{"line":155,"column":9},"end":{"line":155,"column":30}}},"6":{"name":"(anonymous_6)","line":182,"loc":{"start":{"line":182,"column":12},"end":{"line":182,"column":31}}},"7":{"name":"(anonymous_7)","line":206,"loc":{"start":{"line":206,"column":11},"end":{"line":206,"column":31}}},"8":{"name":"(anonymous_8)","line":208,"loc":{"start":{"line":208,"column":17},"end":{"line":208,"column":43}}},"9":{"name":"(anonymous_9)","line":227,"loc":{"start":{"line":227,"column":11},"end":{"line":227,"column":31}}},"10":{"name":"(anonymous_10)","line":228,"loc":{"start":{"line":228,"column":25},"end":{"line":228,"column":51}}},"11":{"name":"(anonymous_11)","line":250,"loc":{"start":{"line":250,"column":14},"end":{"line":250,"column":34}}},"12":{"name":"(anonymous_12)","line":262,"loc":{"start":{"line":262,"column":11},"end":{"line":262,"column":25}}},"13":{"name":"(anonymous_13)","line":264,"loc":{"start":{"line":264,"column":16},"end":{"line":264,"column":41}}},"14":{"name":"(anonymous_14)","line":287,"loc":{"start":{"line":287,"column":8},"end":{"line":287,"column":29}}},"15":{"name":"(anonymous_15)","line":289,"loc":{"start":{"line":289,"column":17},"end":{"line":289,"column":43}}},"16":{"name":"(anonymous_16)","line":305,"loc":{"start":{"line":305,"column":10},"end":{"line":305,"column":29}}},"17":{"name":"(anonymous_17)","line":306,"loc":{"start":{"line":306,"column":22},"end":{"line":306,"column":48}}},"18":{"name":"(anonymous_18)","line":325,"loc":{"start":{"line":325,"column":13},"end":{"line":325,"column":32}}},"19":{"name":"(anonymous_19)","line":349,"loc":{"start":{"line":349,"column":10},"end":{"line":349,"column":37}}},"20":{"name":"(anonymous_20)","line":350,"loc":{"start":{"line":350,"column":33},"end":{"line":350,"column":49}}},"21":{"name":"(anonymous_21)","line":356,"loc":{"start":{"line":356,"column":32},"end":{"line":356,"column":48}}},"22":{"name":"(anonymous_22)","line":381,"loc":{"start":{"line":381,"column":9},"end":{"line":381,"column":30}}},"23":{"name":"(anonymous_23)","line":382,"loc":{"start":{"line":382,"column":32},"end":{"line":382,"column":48}}},"24":{"name":"(anonymous_24)","line":388,"loc":{"start":{"line":388,"column":32},"end":{"line":388,"column":48}}},"25":{"name":"(anonymous_25)","line":411,"loc":{"start":{"line":411,"column":11},"end":{"line":411,"column":37}}},"26":{"name":"(anonymous_26)","line":448,"loc":{"start":{"line":448,"column":11},"end":{"line":448,"column":25}}}},"statementMap":{"1":{"start":{"line":12,"column":0},"end":{"line":12,"column":13}},"2":{"start":{"line":28,"column":0},"end":{"line":30,"column":1}},"3":{"start":{"line":29,"column":4},"end":{"line":29,"column":13}},"4":{"start":{"line":51,"column":0},"end":{"line":71,"column":1}},"5":{"start":{"line":52,"column":4},"end":{"line":70,"column":5}},"6":{"start":{"line":53,"column":8},"end":{"line":53,"column":23}},"7":{"start":{"line":54,"column":11},"end":{"line":70,"column":5}},"8":{"start":{"line":55,"column":8},"end":{"line":55,"column":22}},"9":{"start":{"line":56,"column":11},"end":{"line":70,"column":5}},"10":{"start":{"line":57,"column":8},"end":{"line":57,"column":22}},"11":{"start":{"line":58,"column":11},"end":{"line":70,"column":5}},"12":{"start":{"line":59,"column":8},"end":{"line":59,"column":24}},"13":{"start":{"line":60,"column":11},"end":{"line":70,"column":5}},"14":{"start":{"line":61,"column":8},"end":{"line":61,"column":24}},"15":{"start":{"line":62,"column":11},"end":{"line":70,"column":5}},"16":{"start":{"line":63,"column":8},"end":{"line":63,"column":24}},"17":{"start":{"line":64,"column":11},"end":{"line":70,"column":5}},"18":{"start":{"line":65,"column":8},"end":{"line":65,"column":25}},"19":{"start":{"line":66,"column":11},"end":{"line":70,"column":5}},"20":{"start":{"line":67,"column":8},"end":{"line":67,"column":26}},"21":{"start":{"line":69,"column":8},"end":{"line":69,"column":27}},"22":{"start":{"line":89,"column":0},"end":{"line":104,"column":1}},"23":{"start":{"line":90,"column":4},"end":{"line":103,"column":5}},"24":{"start":{"line":91,"column":8},"end":{"line":91,"column":18}},"25":{"start":{"line":92,"column":11},"end":{"line":103,"column":5}},"26":{"start":{"line":93,"column":8},"end":{"line":93,"column":22}},"27":{"start":{"line":94,"column":11},"end":{"line":103,"column":5}},"28":{"start":{"line":95,"column":8},"end":{"line":95,"column":19}},"29":{"start":{"line":98,"column":8},"end":{"line":98,"column":22}},"30":{"start":{"line":99,"column":8},"end":{"line":101,"column":9}},"31":{"start":{"line":100,"column":8},"end":{"line":100,"column":25}},"32":{"start":{"line":102,"column":8},"end":{"line":102,"column":20}},"33":{"start":{"line":122,"column":0},"end":{"line":137,"column":1}},"34":{"start":{"line":123,"column":4},"end":{"line":136,"column":5}},"35":{"start":{"line":124,"column":8},"end":{"line":124,"column":18}},"36":{"start":{"line":125,"column":11},"end":{"line":136,"column":5}},"37":{"start":{"line":126,"column":8},"end":{"line":126,"column":35}},"38":{"start":{"line":127,"column":11},"end":{"line":136,"column":5}},"39":{"start":{"line":128,"column":8},"end":{"line":128,"column":19}},"40":{"start":{"line":131,"column":8},"end":{"line":131,"column":22}},"41":{"start":{"line":132,"column":8},"end":{"line":134,"column":9}},"42":{"start":{"line":133,"column":8},"end":{"line":133,"column":26}},"43":{"start":{"line":135,"column":8},"end":{"line":135,"column":20}},"44":{"start":{"line":155,"column":0},"end":{"line":165,"column":1}},"45":{"start":{"line":156,"column":4},"end":{"line":164,"column":5}},"46":{"start":{"line":157,"column":8},"end":{"line":159,"column":9}},"47":{"start":{"line":158,"column":12},"end":{"line":158,"column":35}},"48":{"start":{"line":160,"column":11},"end":{"line":164,"column":5}},"49":{"start":{"line":161,"column":8},"end":{"line":163,"column":9}},"50":{"start":{"line":162,"column":12},"end":{"line":162,"column":39}},"51":{"start":{"line":182,"column":0},"end":{"line":189,"column":1}},"52":{"start":{"line":183,"column":4},"end":{"line":187,"column":5}},"53":{"start":{"line":184,"column":8},"end":{"line":186,"column":9}},"54":{"start":{"line":185,"column":12},"end":{"line":185,"column":21}},"55":{"start":{"line":188,"column":4},"end":{"line":188,"column":13}},"56":{"start":{"line":206,"column":0},"end":{"line":214,"column":5}},"57":{"start":{"line":207,"column":4},"end":{"line":207,"column":21}},"58":{"start":{"line":208,"column":4},"end":{"line":212,"column":11}},"59":{"start":{"line":209,"column":12},"end":{"line":211,"column":13}},"60":{"start":{"line":210,"column":16},"end":{"line":210,"column":34}},"61":{"start":{"line":213,"column":4},"end":{"line":213,"column":19}},"62":{"start":{"line":227,"column":0},"end":{"line":231,"column":1}},"63":{"start":{"line":228,"column":4},"end":{"line":230,"column":6}},"64":{"start":{"line":229,"column":8},"end":{"line":229,"column":38}},"65":{"start":{"line":250,"column":0},"end":{"line":252,"column":1}},"66":{"start":{"line":251,"column":4},"end":{"line":251,"column":53}},"67":{"start":{"line":262,"column":0},"end":{"line":270,"column":2}},"68":{"start":{"line":263,"column":4},"end":{"line":263,"column":20}},"69":{"start":{"line":264,"column":4},"end":{"line":268,"column":7}},"70":{"start":{"line":265,"column":8},"end":{"line":267,"column":9}},"71":{"start":{"line":266,"column":12},"end":{"line":266,"column":37}},"72":{"start":{"line":269,"column":4},"end":{"line":269,"column":18}},"73":{"start":{"line":287,"column":0},"end":{"line":293,"column":2}},"74":{"start":{"line":288,"column":4},"end":{"line":288,"column":17}},"75":{"start":{"line":289,"column":4},"end":{"line":291,"column":7}},"76":{"start":{"line":290,"column":8},"end":{"line":290,"column":40}},"77":{"start":{"line":292,"column":4},"end":{"line":292,"column":15}},"78":{"start":{"line":305,"column":0},"end":{"line":309,"column":2}},"79":{"start":{"line":306,"column":4},"end":{"line":308,"column":7}},"80":{"start":{"line":307,"column":8},"end":{"line":307,"column":33}},"81":{"start":{"line":325,"column":0},"end":{"line":327,"column":2}},"82":{"start":{"line":326,"column":4},"end":{"line":326,"column":52}},"83":{"start":{"line":349,"column":0},"end":{"line":359,"column":1}},"84":{"start":{"line":350,"column":4},"end":{"line":350,"column":69}},"85":{"start":{"line":350,"column":50},"end":{"line":350,"column":67}},"86":{"start":{"line":351,"column":4},"end":{"line":354,"column":5}},"87":{"start":{"line":352,"column":8},"end":{"line":352,"column":50}},"88":{"start":{"line":352,"column":37},"end":{"line":352,"column":49}},"89":{"start":{"line":353,"column":8},"end":{"line":353,"column":19}},"90":{"start":{"line":356,"column":4},"end":{"line":356,"column":84}},"91":{"start":{"line":356,"column":49},"end":{"line":356,"column":82}},"92":{"start":{"line":357,"column":4},"end":{"line":357,"column":46}},"93":{"start":{"line":357,"column":32},"end":{"line":357,"column":45}},"94":{"start":{"line":358,"column":4},"end":{"line":358,"column":16}},"95":{"start":{"line":381,"column":0},"end":{"line":391,"column":1}},"96":{"start":{"line":382,"column":4},"end":{"line":382,"column":68}},"97":{"start":{"line":382,"column":49},"end":{"line":382,"column":66}},"98":{"start":{"line":383,"column":4},"end":{"line":386,"column":5}},"99":{"start":{"line":384,"column":8},"end":{"line":384,"column":47}},"100":{"start":{"line":384,"column":35},"end":{"line":384,"column":47}},"101":{"start":{"line":385,"column":8},"end":{"line":385,"column":21}},"102":{"start":{"line":388,"column":4},"end":{"line":388,"column":85}},"103":{"start":{"line":388,"column":49},"end":{"line":388,"column":83}},"104":{"start":{"line":389,"column":4},"end":{"line":389,"column":48}},"105":{"start":{"line":389,"column":36},"end":{"line":389,"column":48}},"106":{"start":{"line":390,"column":4},"end":{"line":390,"column":17}},"107":{"start":{"line":411,"column":0},"end":{"line":433,"column":1}},"108":{"start":{"line":415,"column":4},"end":{"line":424,"column":5}},"109":{"start":{"line":416,"column":8},"end":{"line":416,"column":26}},"110":{"start":{"line":417,"column":8},"end":{"line":422,"column":9}},"111":{"start":{"line":420,"column":8},"end":{"line":420,"column":36}},"112":{"start":{"line":423,"column":8},"end":{"line":423,"column":19}},"113":{"start":{"line":425,"column":4},"end":{"line":425,"column":20}},"114":{"start":{"line":426,"column":8},"end":{"line":431,"column":9}},"115":{"start":{"line":429,"column":12},"end":{"line":429,"column":40}},"116":{"start":{"line":432,"column":4},"end":{"line":432,"column":15}},"117":{"start":{"line":448,"column":0},"end":{"line":457,"column":1}},"118":{"start":{"line":450,"column":4},"end":{"line":450,"column":53}},"119":{"start":{"line":451,"column":4},"end":{"line":455,"column":5}},"120":{"start":{"line":452,"column":8},"end":{"line":454,"column":9}},"121":{"start":{"line":453,"column":12},"end":{"line":453,"column":40}},"122":{"start":{"line":456,"column":4},"end":{"line":456,"column":23}},"123":{"start":{"line":466,"column":0},"end":{"line":487,"column":1}},"124":{"start":{"line":470,"column":4},"end":{"line":470,"column":41}},"125":{"start":{"line":471,"column":4},"end":{"line":471,"column":37}},"126":{"start":{"line":472,"column":4},"end":{"line":472,"column":35}},"127":{"start":{"line":473,"column":4},"end":{"line":473,"column":33}},"128":{"start":{"line":474,"column":4},"end":{"line":474,"column":33}},"129":{"start":{"line":475,"column":4},"end":{"line":475,"column":39}},"130":{"start":{"line":476,"column":4},"end":{"line":476,"column":37}},"131":{"start":{"line":477,"column":4},"end":{"line":477,"column":37}},"132":{"start":{"line":478,"column":4},"end":{"line":478,"column":43}},"133":{"start":{"line":479,"column":4},"end":{"line":479,"column":37}},"134":{"start":{"line":480,"column":4},"end":{"line":480,"column":31}},"135":{"start":{"line":481,"column":4},"end":{"line":481,"column":35}},"136":{"start":{"line":482,"column":4},"end":{"line":482,"column":41}},"137":{"start":{"line":483,"column":4},"end":{"line":483,"column":35}},"138":{"start":{"line":484,"column":4},"end":{"line":484,"column":33}},"139":{"start":{"line":485,"column":4},"end":{"line":485,"column":37}},"140":{"start":{"line":486,"column":4},"end":{"line":486,"column":37}}},"branchMap":{"1":{"line":52,"type":"if","locations":[{"start":{"line":52,"column":4},"end":{"line":52,"column":4}},{"start":{"line":52,"column":4},"end":{"line":52,"column":4}}]},"2":{"line":54,"type":"if","locations":[{"start":{"line":54,"column":11},"end":{"line":54,"column":11}},{"start":{"line":54,"column":11},"end":{"line":54,"column":11}}]},"3":{"line":56,"type":"if","locations":[{"start":{"line":56,"column":11},"end":{"line":56,"column":11}},{"start":{"line":56,"column":11},"end":{"line":56,"column":11}}]},"4":{"line":58,"type":"if","locations":[{"start":{"line":58,"column":11},"end":{"line":58,"column":11}},{"start":{"line":58,"column":11},"end":{"line":58,"column":11}}]},"5":{"line":60,"type":"if","locations":[{"start":{"line":60,"column":11},"end":{"line":60,"column":11}},{"start":{"line":60,"column":11},"end":{"line":60,"column":11}}]},"6":{"line":62,"type":"if","locations":[{"start":{"line":62,"column":11},"end":{"line":62,"column":11}},{"start":{"line":62,"column":11},"end":{"line":62,"column":11}}]},"7":{"line":64,"type":"if","locations":[{"start":{"line":64,"column":11},"end":{"line":64,"column":11}},{"start":{"line":64,"column":11},"end":{"line":64,"column":11}}]},"8":{"line":66,"type":"if","locations":[{"start":{"line":66,"column":11},"end":{"line":66,"column":11}},{"start":{"line":66,"column":11},"end":{"line":66,"column":11}}]},"9":{"line":90,"type":"if","locations":[{"start":{"line":90,"column":4},"end":{"line":90,"column":4}},{"start":{"line":90,"column":4},"end":{"line":90,"column":4}}]},"10":{"line":92,"type":"if","locations":[{"start":{"line":92,"column":11},"end":{"line":92,"column":11}},{"start":{"line":92,"column":11},"end":{"line":92,"column":11}}]},"11":{"line":92,"type":"binary-expr","locations":[{"start":{"line":92,"column":15},"end":{"line":92,"column":25}},{"start":{"line":92,"column":29},"end":{"line":92,"column":39}}]},"12":{"line":94,"type":"if","locations":[{"start":{"line":94,"column":11},"end":{"line":94,"column":11}},{"start":{"line":94,"column":11},"end":{"line":94,"column":11}}]},"13":{"line":123,"type":"if","locations":[{"start":{"line":123,"column":4},"end":{"line":123,"column":4}},{"start":{"line":123,"column":4},"end":{"line":123,"column":4}}]},"14":{"line":125,"type":"if","locations":[{"start":{"line":125,"column":11},"end":{"line":125,"column":11}},{"start":{"line":125,"column":11},"end":{"line":125,"column":11}}]},"15":{"line":125,"type":"binary-expr","locations":[{"start":{"line":125,"column":15},"end":{"line":125,"column":25}},{"start":{"line":125,"column":29},"end":{"line":125,"column":39}}]},"16":{"line":127,"type":"if","locations":[{"start":{"line":127,"column":11},"end":{"line":127,"column":11}},{"start":{"line":127,"column":11},"end":{"line":127,"column":11}}]},"17":{"line":156,"type":"if","locations":[{"start":{"line":156,"column":4},"end":{"line":156,"column":4}},{"start":{"line":156,"column":4},"end":{"line":156,"column":4}}]},"18":{"line":160,"type":"if","locations":[{"start":{"line":160,"column":11},"end":{"line":160,"column":11}},{"start":{"line":160,"column":11},"end":{"line":160,"column":11}}]},"19":{"line":184,"type":"if","locations":[{"start":{"line":184,"column":8},"end":{"line":184,"column":8}},{"start":{"line":184,"column":8},"end":{"line":184,"column":8}}]},"20":{"line":209,"type":"if","locations":[{"start":{"line":209,"column":12},"end":{"line":209,"column":12}},{"start":{"line":209,"column":12},"end":{"line":209,"column":12}}]},"21":{"line":265,"type":"if","locations":[{"start":{"line":265,"column":8},"end":{"line":265,"column":8}},{"start":{"line":265,"column":8},"end":{"line":265,"column":8}}]},"22":{"line":326,"type":"cond-expr","locations":[{"start":{"line":326,"column":39},"end":{"line":326,"column":43}},{"start":{"line":326,"column":46},"end":{"line":326,"column":51}}]},"23":{"line":351,"type":"if","locations":[{"start":{"line":351,"column":4},"end":{"line":351,"column":4}},{"start":{"line":351,"column":4},"end":{"line":351,"column":4}}]},"24":{"line":352,"type":"if","locations":[{"start":{"line":352,"column":8},"end":{"line":352,"column":8}},{"start":{"line":352,"column":8},"end":{"line":352,"column":8}}]},"25":{"line":356,"type":"cond-expr","locations":[{"start":{"line":356,"column":70},"end":{"line":356,"column":74}},{"start":{"line":356,"column":76},"end":{"line":356,"column":81}}]},"26":{"line":357,"type":"if","locations":[{"start":{"line":357,"column":4},"end":{"line":357,"column":4}},{"start":{"line":357,"column":4},"end":{"line":357,"column":4}}]},"27":{"line":383,"type":"if","locations":[{"start":{"line":383,"column":4},"end":{"line":383,"column":4}},{"start":{"line":383,"column":4},"end":{"line":383,"column":4}}]},"28":{"line":384,"type":"if","locations":[{"start":{"line":384,"column":8},"end":{"line":384,"column":8}},{"start":{"line":384,"column":8},"end":{"line":384,"column":8}}]},"29":{"line":388,"type":"cond-expr","locations":[{"start":{"line":388,"column":70},"end":{"line":388,"column":74}},{"start":{"line":388,"column":77},"end":{"line":388,"column":82}}]},"30":{"line":389,"type":"if","locations":[{"start":{"line":389,"column":4},"end":{"line":389,"column":4}},{"start":{"line":389,"column":4},"end":{"line":389,"column":4}}]},"31":{"line":415,"type":"if","locations":[{"start":{"line":415,"column":4},"end":{"line":415,"column":4}},{"start":{"line":415,"column":4},"end":{"line":415,"column":4}}]},"32":{"line":466,"type":"if","locations":[{"start":{"line":466,"column":0},"end":{"line":466,"column":0}},{"start":{"line":466,"column":0},"end":{"line":466,"column":0}}]},"33":{"line":466,"type":"binary-expr","locations":[{"start":{"line":466,"column":4},"end":{"line":466,"column":34}},{"start":{"line":467,"column":4},"end":{"line":467,"column":48}}]}}}}