{"/Users/liv/Documents/OpSpark/work/underpants/underpants.js":{"path":"/Users/liv/Documents/OpSpark/work/underpants/underpants.js","s":{"1":1,"2":1,"3":1,"4":1,"5":1,"6":1,"7":1,"8":1,"9":1,"10":1,"11":1,"12":1,"13":1,"14":1,"15":1,"16":1,"17":1,"18":1,"19":1},"b":{"1":[1,0],"2":[1,1]},"f":{},"fnMap":{},"statementMap":{"1":{"start":{"line":12,"column":0},"end":{"line":12,"column":13}},"2":{"start":{"line":315,"column":0},"end":{"line":335,"column":1}},"3":{"start":{"line":318,"column":4},"end":{"line":318,"column":41}},"4":{"start":{"line":319,"column":4},"end":{"line":319,"column":37}},"5":{"start":{"line":320,"column":4},"end":{"line":320,"column":35}},"6":{"start":{"line":321,"column":4},"end":{"line":321,"column":33}},"7":{"start":{"line":322,"column":4},"end":{"line":322,"column":33}},"8":{"start":{"line":323,"column":4},"end":{"line":323,"column":39}},"9":{"start":{"line":324,"column":4},"end":{"line":324,"column":37}},"10":{"start":{"line":325,"column":4},"end":{"line":325,"column":37}},"11":{"start":{"line":326,"column":4},"end":{"line":326,"column":43}},"12":{"start":{"line":327,"column":4},"end":{"line":327,"column":37}},"13":{"start":{"line":328,"column":4},"end":{"line":328,"column":31}},"14":{"start":{"line":329,"column":4},"end":{"line":329,"column":35}},"15":{"start":{"line":330,"column":4},"end":{"line":330,"column":41}},"16":{"start":{"line":331,"column":4},"end":{"line":331,"column":35}},"17":{"start":{"line":332,"column":4},"end":{"line":332,"column":33}},"18":{"start":{"line":333,"column":4},"end":{"line":333,"column":37}},"19":{"start":{"line":334,"column":4},"end":{"line":334,"column":37}}},"branchMap":{"1":{"line":315,"type":"if","locations":[{"start":{"line":315,"column":0},"end":{"line":315,"column":0}},{"start":{"line":315,"column":0},"end":{"line":315,"column":0}}]},"2":{"line":315,"type":"binary-expr","locations":[{"start":{"line":315,"column":4},"end":{"line":315,"column":34}},{"start":{"line":316,"column":4},"end":{"line":316,"column":48}}]}}}}