TN:
SF:/Users/liv/Documents/OpSpark/work/underpants/underpants.js
FN:28,(anonymous_1)
FN:51,(anonymous_2)
FN:89,(anonymous_3)
FN:122,(anonymous_4)
FN:155,(anonymous_5)
FN:182,(anonymous_6)
FN:206,(anonymous_7)
FN:208,(anonymous_8)
FN:227,(anonymous_9)
FN:228,(anonymous_10)
FN:250,(anonymous_11)
FN:262,(anonymous_12)
FN:264,(anonymous_13)
FN:287,(anonymous_14)
FN:289,(anonymous_15)
FN:305,(anonymous_16)
FN:306,(anonymous_17)
FN:325,(anonymous_18)
FN:349,(anonymous_19)
FN:350,(anonymous_20)
FN:356,(anonymous_21)
FN:381,(anonymous_22)
FN:382,(anonymous_23)
FN:388,(anonymous_24)
FN:411,(anonymous_25)
FN:448,(anonymous_26)
FNF:26
FNH:26
FNDA:36,(anonymous_1)
FNDA:8,(anonymous_2)
FNDA:4,(anonymous_3)
FNDA:4,(anonymous_4)
FNDA:63,(anonymous_5)
FNDA:50,(anonymous_6)
FNDA:10,(anonymous_7)
FNDA:60,(anonymous_8)
FNDA:4,(anonymous_9)
FNDA:24,(anonymous_10)
FNDA:1,(anonymous_11)
FNDA:3,(anonymous_12)
FNDA:18,(anonymous_13)
FNDA:47,(anonymous_14)
FNDA:116,(anonymous_15)
FNDA:2,(anonymous_16)
FNDA:4,(anonymous_17)
FNDA:28,(anonymous_18)
FNDA:13,(anonymous_19)
FNDA:32,(anonymous_20)
FNDA:23,(anonymous_21)
FNDA:12,(anonymous_22)
FNDA:30,(anonymous_23)
FNDA:21,(anonymous_24)
FNDA:4,(anonymous_25)
FNDA:6,(anonymous_26)
DA:12,1
DA:28,1
DA:29,36
DA:51,1
DA:52,8
DA:53,1
DA:54,7
DA:55,0
DA:56,7
DA:57,1
DA:58,6
DA:59,1
DA:60,5
DA:61,1
DA:62,4
DA:63,1
DA:64,3
DA:65,1
DA:66,2
DA:67,1
DA:69,1
DA:89,1
DA:90,4
DA:91,0
DA:92,4
DA:93,1
DA:94,3
DA:95,1
DA:98,2
DA:99,2
DA:100,2
DA:102,2
DA:122,1
DA:123,4
DA:124,0
DA:125,4
DA:126,1
DA:127,3
DA:128,1
DA:131,2
DA:132,2
DA:133,2
DA:135,2
DA:155,1
DA:156,63
DA:157,62
DA:158,200
DA:160,1
DA:161,1
DA:162,3
DA:182,1
DA:183,50
DA:184,103
DA:185,25
DA:188,25
DA:206,1
DA:207,10
DA:208,10
DA:209,60
DA:210,30
DA:213,10
DA:227,1
DA:228,4
DA:229,24
DA:250,1
DA:251,1
DA:262,1
DA:263,3
DA:264,3
DA:265,18
DA:266,12
DA:269,3
DA:287,1
DA:288,47
DA:289,47
DA:290,116
DA:292,47
DA:305,1
DA:306,2
DA:307,4
DA:325,1
DA:326,28
DA:349,1
DA:350,32
DA:351,13
DA:352,3
DA:353,1
DA:356,23
DA:357,10
DA:358,4
DA:381,1
DA:382,30
DA:383,12
DA:384,4
DA:385,2
DA:388,21
DA:389,8
DA:390,3
DA:411,1
DA:415,4
DA:416,2
DA:417,2
DA:420,3
DA:423,2
DA:425,2
DA:426,2
DA:429,5
DA:432,2
DA:448,1
DA:450,6
DA:451,6
DA:452,14
DA:453,12
DA:456,6
DA:466,1
DA:470,1
DA:471,1
DA:472,1
DA:473,1
DA:474,1
DA:475,1
DA:476,1
DA:477,1
DA:478,1
DA:479,1
DA:480,1
DA:481,1
DA:482,1
DA:483,1
DA:484,1
DA:485,1
DA:486,1
LF:132
LH:129
BRDA:52,1,0,1
BRDA:52,1,1,7
BRDA:54,2,0,0
BRDA:54,2,1,7
BRDA:56,3,0,1
BRDA:56,3,1,6
BRDA:58,4,0,1
BRDA:58,4,1,5
BRDA:60,5,0,1
BRDA:60,5,1,4
BRDA:62,6,0,1
BRDA:62,6,1,3
BRDA:64,7,0,1
BRDA:64,7,1,2
BRDA:66,8,0,1
BRDA:66,8,1,1
BRDA:90,9,0,0
BRDA:90,9,1,4
BRDA:92,10,0,1
BRDA:92,10,1,3
BRDA:92,11,0,4
BRDA:92,11,1,3
BRDA:94,12,0,1
BRDA:94,12,1,2
BRDA:123,13,0,0
BRDA:123,13,1,4
BRDA:125,14,0,1
BRDA:125,14,1,3
BRDA:125,15,0,4
BRDA:125,15,1,3
BRDA:127,16,0,1
BRDA:127,16,1,2
BRDA:156,17,0,62
BRDA:156,17,1,1
BRDA:160,18,0,1
BRDA:160,18,1,0
BRDA:184,19,0,25
BRDA:184,19,1,78
BRDA:209,20,0,30
BRDA:209,20,1,30
BRDA:265,21,0,12
BRDA:265,21,1,6
BRDA:326,22,0,16
BRDA:326,22,1,12
BRDA:351,23,0,3
BRDA:351,23,1,10
BRDA:352,24,0,2
BRDA:352,24,1,1
BRDA:356,25,0,13
BRDA:356,25,1,10
BRDA:357,26,0,6
BRDA:357,26,1,4
BRDA:383,27,0,4
BRDA:383,27,1,8
BRDA:384,28,0,2
BRDA:384,28,1,2
BRDA:388,29,0,8
BRDA:388,29,1,13
BRDA:389,30,0,5
BRDA:389,30,1,3
BRDA:415,31,0,2
BRDA:415,31,1,2
BRDA:466,32,0,1
BRDA:466,32,1,0
BRDA:466,33,0,1
BRDA:466,33,1,1
BRF:66
BRH:61
end_of_record
